[0923/070530.503:INFO:CONSOLE(115)] "Event handler of 'x-storagemutated-1' event must be added on the initial evaluation of worker script.", source: https://static.whatsapp.net/rsrc.php/v4/yk/r/MoSwcPfr-x6.js (115)
[0923/070530.960:INFO:CONSOLE(0)] "Error with Permissions-Policy header: Feature xr-spatial-tracking's parameters are ignored.", source:  (0)
[0923/070530.960:INFO:CONSOLE(0)] "Error with Permissions-Policy header: Origin trial controlled feature not enabled: 'attribution-reporting'.", source:  (0)
[0923/070530.960:INFO:CONSOLE(0)] "Error with Permissions-Policy header: Unrecognized feature: 'compute-pressure'.", source:  (0)
[0923/070530.975:INFO:CONSOLE(0)] "Error with Permissions-Policy header: Origin trial controlled feature not enabled: 'interest-cohort'.", source:  (0)
[0923/070530.975:INFO:CONSOLE(0)] "Error with Permissions-Policy header: Unrecognized feature: 'private-state-token-issuance'.", source:  (0)
[0923/070530.975:INFO:CONSOLE(0)] "Error with Permissions-Policy header: Origin trial controlled feature not enabled: 'shared-storage'.", source:  (0)
[0923/070530.975:INFO:CONSOLE(0)] "Error with Permissions-Policy header: Unrecognized feature: 'shared-storage-select-url'.", source:  (0)
[0923/070530.975:INFO:CONSOLE(0)] "Error with Permissions-Policy header: Unrecognized feature: 'private-state-token-redemption'.", source:  (0)
[0923/070530.975:INFO:CONSOLE(0)] "Error with Permissions-Policy header: Unrecognized feature: 'unload'.", source:  (0)
[0923/070530.975:INFO:CONSOLE(0)] "Error with Permissions-Policy header: Unrecognized feature: 'window-management'.", source:  (0)
[0923/070530.975:INFO:CONSOLE(0)] "Document-Policy HTTP header: Unrecognized document policy feature name include-js-call-stacks-in-crash-reports.", source: https://web.whatsapp.com/ (0)
[0923/070537.555:INFO:CONSOLE(115)] "Event handler of 'x-storagemutated-1' event must be added on the initial evaluation of worker script.", source: https://static.whatsapp.net/rsrc.php/v4/yk/r/MoSwcPfr-x6.js (115)
[0923/070824.587:INFO:CONSOLE(4)] "Uncaught (in promise) Error: window is not defined", source: https://web.whatsapp.com/ (4)
[0923/070826.642:INFO:CONSOLE(115)] "Event handler of 'x-storagemutated-1' event must be added on the initial evaluation of worker script.", source: https://static.whatsapp.net/rsrc.php/v4/yk/r/MoSwcPfr-x6.js (115)
[0923/070915.335:INFO:CONSOLE(115)] "Event handler of 'x-storagemutated-1' event must be added on the initial evaluation of worker script.", source: https://static.whatsapp.net/rsrc.php/v4/yk/r/MoSwcPfr-x6.js (115)
[0923/071035.231:INFO:CONSOLE(115)] "Event handler of 'x-storagemutated-1' event must be added on the initial evaluation of worker script.", source: https://static.whatsapp.net/rsrc.php/v4/yk/r/MoSwcPfr-x6.js (115)
[0923/071156.242:INFO:CONSOLE(4)] "Uncaught (in promise) Error: window is not defined", source: https://web.whatsapp.com/ (4)
[0923/071246.723:INFO:CONSOLE(115)] "Event handler of 'x-storagemutated-1' event must be added on the initial evaluation of worker script.", source: https://static.whatsapp.net/rsrc.php/v4/yk/r/MoSwcPfr-x6.js (115)
[0923/071527.714:INFO:CONSOLE(4)] "Uncaught (in promise) Error: window is not defined", source: https://web.whatsapp.com/ (4)
[0923/071618.008:INFO:CONSOLE(115)] "Event handler of 'x-storagemutated-1' event must be added on the initial evaluation of worker script.", source: https://static.whatsapp.net/rsrc.php/v4/yk/r/MoSwcPfr-x6.js (115)
[0923/071858.903:INFO:CONSOLE(4)] "Uncaught (in promise) Error: window is not defined", source: https://web.whatsapp.com/ (4)
[0923/071950.040:INFO:CONSOLE(115)] "Event handler of 'x-storagemutated-1' event must be added on the initial evaluation of worker script.", source: https://static.whatsapp.net/rsrc.php/v4/yk/r/MoSwcPfr-x6.js (115)
[0923/072209.175:INFO:CONSOLE(115)] "Event handler of 'x-storagemutated-1' event must be added on the initial evaluation of worker script.", source: https://static.whatsapp.net/rsrc.php/v4/yk/r/MoSwcPfr-x6.js (115)
[0923/072210.078:INFO:CONSOLE(151)] "Uncaught (in promise) Error: Unexpected null or undefined: me", source: https://static.whatsapp.net/rsrc.php/v4/yW/r/viHqVFvzl0J.js (151)
[0923/072210.294:INFO:CONSOLE(0)] "Error with Permissions-Policy header: Feature xr-spatial-tracking's parameters are ignored.", source:  (0)
[0923/072210.294:INFO:CONSOLE(0)] "Error with Permissions-Policy header: Origin trial controlled feature not enabled: 'attribution-reporting'.", source:  (0)
[0923/072210.294:INFO:CONSOLE(0)] "Error with Permissions-Policy header: Unrecognized feature: 'compute-pressure'.", source:  (0)
[0923/072210.294:INFO:CONSOLE(0)] "Error with Permissions-Policy header: Origin trial controlled feature not enabled: 'interest-cohort'.", source:  (0)
[0923/072210.295:INFO:CONSOLE(0)] "Error with Permissions-Policy header: Unrecognized feature: 'private-state-token-issuance'.", source:  (0)
[0923/072210.295:INFO:CONSOLE(0)] "Error with Permissions-Policy header: Origin trial controlled feature not enabled: 'shared-storage'.", source:  (0)
[0923/072210.295:INFO:CONSOLE(0)] "Error with Permissions-Policy header: Unrecognized feature: 'shared-storage-select-url'.", source:  (0)
[0923/072210.295:INFO:CONSOLE(0)] "Error with Permissions-Policy header: Unrecognized feature: 'private-state-token-redemption'.", source:  (0)
[0923/072210.295:INFO:CONSOLE(0)] "Error with Permissions-Policy header: Unrecognized feature: 'unload'.", source:  (0)
[0923/072210.295:INFO:CONSOLE(0)] "Error with Permissions-Policy header: Unrecognized feature: 'window-management'.", source:  (0)
[0923/072210.295:INFO:CONSOLE(0)] "Document-Policy HTTP header: Unrecognized document policy feature name include-js-call-stacks-in-crash-reports.", source: https://web.whatsapp.com/ (0)
[0923/072214.426:INFO:CONSOLE(115)] "Event handler of 'x-storagemutated-1' event must be added on the initial evaluation of worker script.", source: https://static.whatsapp.net/rsrc.php/v4/yk/r/MoSwcPfr-x6.js (115)
[0923/072332.840:INFO:CONSOLE(115)] "Event handler of 'x-storagemutated-1' event must be added on the initial evaluation of worker script.", source: https://static.whatsapp.net/rsrc.php/v4/yk/r/MoSwcPfr-x6.js (115)
[0923/072356.959:INFO:CONSOLE(6)] "Uncaught (in promise) Invariant Violation: Minified invariant #56317; %s", source:  (6)
[0923/072359.292:INFO:CONSOLE(6)] "Uncaught (in promise) Invariant Violation: Minified invariant #56317; %s", source:  (6)
[0923/072401.575:INFO:CONSOLE(6)] "Uncaught (in promise) Invariant Violation: Minified invariant #56317; %s", source:  (6)
[0923/072405.031:INFO:CONSOLE(6)] "Uncaught (in promise) Invariant Violation: Minified invariant #56317; %s", source:  (6)
[0923/072410.782:INFO:CONSOLE(151)] "Uncaught (in promise) Invariant Violation: Minified invariant #56317; %s", source: https://static.whatsapp.net/rsrc.php/v4/yW/r/viHqVFvzl0J.js (151)
[0923/072410.908:INFO:CONSOLE(6)] "Uncaught (in promise) Invariant Violation: Minified invariant #56317; %s", source:  (6)
[0923/072419.084:INFO:CONSOLE(6)] "Uncaught (in promise) Invariant Violation: Minified invariant #56317; %s", source:  (6)
[0923/072428.895:INFO:CONSOLE(6)] "Uncaught (in promise) Invariant Violation: Minified invariant #56317; %s", source:  (6)
[0923/072443.462:INFO:CONSOLE(6)] "Uncaught (in promise) Invariant Violation: Minified invariant #56317; %s", source:  (6)
[0923/072506.839:INFO:CONSOLE(6)] "Uncaught (in promise) Invariant Violation: Minified invariant #56317; %s", source:  (6)
[0923/072543.231:INFO:CONSOLE(6)] "Uncaught (in promise) Invariant Violation: Minified invariant #56317; %s", source:  (6)
[0923/072636.985:INFO:CONSOLE(115)] "Event handler of 'x-storagemutated-1' event must be added on the initial evaluation of worker script.", source: https://static.whatsapp.net/rsrc.php/v4/yk/r/MoSwcPfr-x6.js (115)
[0923/072637.035:INFO:CONSOLE(0)] "Error with Permissions-Policy header: Feature xr-spatial-tracking's parameters are ignored.", source:  (0)
[0923/072637.036:INFO:CONSOLE(0)] "Error with Permissions-Policy header: Origin trial controlled feature not enabled: 'attribution-reporting'.", source:  (0)
[0923/072637.036:INFO:CONSOLE(0)] "Error with Permissions-Policy header: Unrecognized feature: 'compute-pressure'.", source:  (0)
[0923/072637.036:INFO:CONSOLE(0)] "Error with Permissions-Policy header: Origin trial controlled feature not enabled: 'interest-cohort'.", source:  (0)
[0923/072637.036:INFO:CONSOLE(0)] "Error with Permissions-Policy header: Unrecognized feature: 'private-state-token-issuance'.", source:  (0)
[0923/072637.037:INFO:CONSOLE(0)] "Error with Permissions-Policy header: Origin trial controlled feature not enabled: 'shared-storage'.", source:  (0)
[0923/072637.037:INFO:CONSOLE(0)] "Error with Permissions-Policy header: Unrecognized feature: 'shared-storage-select-url'.", source:  (0)
[0923/072637.037:INFO:CONSOLE(0)] "Error with Permissions-Policy header: Unrecognized feature: 'private-state-token-redemption'.", source:  (0)
[0923/072637.037:INFO:CONSOLE(0)] "Error with Permissions-Policy header: Unrecognized feature: 'unload'.", source:  (0)
[0923/072637.037:INFO:CONSOLE(0)] "Error with Permissions-Policy header: Unrecognized feature: 'window-management'.", source:  (0)
[0923/072637.037:INFO:CONSOLE(0)] "Document-Policy HTTP header: Unrecognized document policy feature name include-js-call-stacks-in-crash-reports.", source: https://web.whatsapp.com/?post_logout=1&logout_reason=2 (0)
[0923/072637.753:ERROR:entry_impl.cc(1072)] No file for 80000017
[0923/072637.754:ERROR:entry_impl.cc(1072)] No file for 8000000b
[0923/072637.755:ERROR:entry_impl.cc(1072)] No file for 8000000c
[0923/072637.756:ERROR:entry_impl.cc(1072)] No file for 80000018
[0923/072637.756:ERROR:entry_impl.cc(1072)] No file for 8000000d
[0923/072637.757:ERROR:entry_impl.cc(1072)] No file for 80000016
[0923/072637.772:ERROR:entry_impl.cc(1072)] No file for 80000019
[0923/072637.947:ERROR:entry_impl.cc(1072)] No file for 8000000e
[0923/072638.065:INFO:CONSOLE(0)] "Error with Permissions-Policy header: Feature xr-spatial-tracking's parameters are ignored.", source:  (0)
[0923/072638.065:INFO:CONSOLE(0)] "Error with Permissions-Policy header: Origin trial controlled feature not enabled: 'attribution-reporting'.", source:  (0)
[0923/072638.065:INFO:CONSOLE(0)] "Error with Permissions-Policy header: Unrecognized feature: 'compute-pressure'.", source:  (0)
[0923/072638.065:INFO:CONSOLE(0)] "Error with Permissions-Policy header: Origin trial controlled feature not enabled: 'interest-cohort'.", source:  (0)
[0923/072638.065:INFO:CONSOLE(0)] "Error with Permissions-Policy header: Unrecognized feature: 'private-state-token-issuance'.", source:  (0)
[0923/072638.065:INFO:CONSOLE(0)] "Error with Permissions-Policy header: Origin trial controlled feature not enabled: 'shared-storage'.", source:  (0)
[0923/072638.065:INFO:CONSOLE(0)] "Error with Permissions-Policy header: Unrecognized feature: 'shared-storage-select-url'.", source:  (0)
[0923/072638.065:INFO:CONSOLE(0)] "Error with Permissions-Policy header: Unrecognized feature: 'private-state-token-redemption'.", source:  (0)
[0923/072638.065:INFO:CONSOLE(0)] "Error with Permissions-Policy header: Unrecognized feature: 'unload'.", source:  (0)
[0923/072638.066:INFO:CONSOLE(0)] "Error with Permissions-Policy header: Unrecognized feature: 'window-management'.", source:  (0)
[0923/072638.066:INFO:CONSOLE(0)] "Document-Policy HTTP header: Unrecognized document policy feature name include-js-call-stacks-in-crash-reports.", source: https://web.whatsapp.com/?post_logout=1&logout_reason=2 (0)
[0923/072642.609:ERROR:entry_impl.cc(1072)] No file for 8000001a
[0923/072642.625:INFO:CONSOLE(77)] "ErrorUtils caught an error:

Unable to download and inject BT manifest "main" for version: 1027426813

Subsequent non-fatal errors won't be logged; see https://fburl.com/debugjs. [object Object]", source: https://static.whatsapp.net/rsrc.php/v4/yW/r/viHqVFvzl0J.js (77)
[0923/072642.988:ERROR:entry_impl.cc(1072)] No file for 80000013
[0923/072642.998:INFO:CONSOLE(1)] "Uncaught NetworkError: Failed to execute 'importScripts' on 'WorkerGlobalScope': The script at 'https://static.whatsapp.net/rsrc.php/v4/y_/r/RrC4qeNC69C.js' failed to load.", source: https://web.whatsapp.com/static_resources/webworker_v1/init_script/?__hs=20354.HYP%3Awhatsapp_comet_pkg.2.1...0&__spin_r=1027426813&__spin_b=trunk&__spin_t=1758594398 (1)
